<?xml version="1.0" encoding="UTF-8"?>
<!-- Generated by org.testng.reporters.JUnitReportReporter -->
<testsuite hostname="Mohammed-Windows" failures="0" tests="10" name="com.testautomation.bookstore.tests.ProductSearchTest" time="51.246" errors="0" timestamp="2025-07-17T11:22:58 IST" skipped="0">
  <testcase classname="com.testautomation.bookstore.tests.ProductSearchTest" name="selectProductByLessSearchTest" time="3.856"/>
  <testcase classname="com.testautomation.bookstore.tests.ProductSearchTest" name="selectProductByNonExistentSearchTest" time="9.338"/>
  <testcase classname="com.testautomation.bookstore.tests.ProductSearchTest" name="selectProductByValidSearchTest" time="5.525"/>
  <testcase classname="com.testautomation.bookstore.tests.ProductSearchTest" name="selectProductByEmptySearchTest" time="3.131"/>
  <testcase classname="com.testautomation.bookstore.tests.ProductSearchTest" name="selectProductByLessSearchTest" time="3.664"/>
  <testcase classname="com.testautomation.bookstore.tests.ProductSearchTest" name="selectProductByNonExistentSearchTest" time="9.191"/>
  <testcase classname="com.testautomation.bookstore.tests.ProductSearchTest" name="searchWithInvalidExpectedProductTest" time="4.021"/>
  <testcase classname="com.testautomation.bookstore.tests.ProductSearchTest" name="selectProductByValidSearchTest" time="4.603"/>
  <testcase classname="com.testautomation.bookstore.tests.ProductSearchTest" name="searchWithInvalidExpectedProductTest" time="4.123"/>
  <testcase classname="com.testautomation.bookstore.tests.ProductSearchTest" name="selectProductByEmptySearchTest" time="3.794"/>
</testsuite> <!-- com.testautomation.bookstore.tests.ProductSearchTest -->
