<?xml version="1.0" encoding="UTF-8"?>
<!-- Generated by org.testng.reporters.JUnitReportReporter -->
<testsuite hostname="Mohammed-Windows" failures="0" tests="3" name="com.testautomation.bookstore.tests.ProductSearchTest" time="21.862" errors="0" timestamp="2025-06-06T13:43:19 IST" skipped="0">
  <testcase classname="com.testautomation.bookstore.tests.ProductSearchTest" name="selectProductByNonExistantSearchTest" time="10.224"/>
  <testcase classname="com.testautomation.bookstore.tests.ProductSearchTest" name="selectProductByNonExistantSearchTest" time="5.916"/>
  <testcase classname="com.testautomation.bookstore.tests.ProductSearchTest" name="selectProductByNonExistantSearchTest" time="5.722"/>
</testsuite> <!-- com.testautomation.bookstore.tests.ProductSearchTest -->
