<?xml version="1.0" encoding="UTF-8"?>
<!-- Generated by org.testng.reporters.JUnitReportReporter -->
<testsuite hostname="Mohammed-Windows" failures="0" tests="15" name="com.testautomation.bookstore.tests.AuthenticationTest" time="77.908" errors="0" timestamp="2025-07-23T13:08:14 IST" skipped="0">
  <testcase classname="com.testautomation.bookstore.tests.AuthenticationTest" name="invalidEmailFormat_showsFieldErrorTest" time="4.875"/>
  <testcase classname="com.testautomation.bookstore.tests.AuthenticationTest" name="invalidLoginData_showsFormLevelErrorsTest" time="5.170"/>
  <testcase classname="com.testautomation.bookstore.tests.AuthenticationTest" name="invalidLoginData_showsFormLevelErrorsTest" time="4.959"/>
  <testcase classname="com.testautomation.bookstore.tests.AuthenticationTest" name="invalidLoginData_showsFormLevelErrorsTest" time="5.067"/>
  <testcase classname="com.testautomation.bookstore.tests.AuthenticationTest" name="invalidLoginData_showsFormLevelErrorsTest" time="5.078"/>
  <testcase classname="com.testautomation.bookstore.tests.AuthenticationTest" name="loginValidUserTest" time="5.317"/>
  <testcase classname="com.testautomation.bookstore.tests.AuthenticationTest" name="testLogout" time="5.930"/>
  <testcase classname="com.testautomation.bookstore.tests.AuthenticationTest" name="invalidEmailFormat_showsFieldErrorTest" time="4.754"/>
  <testcase classname="com.testautomation.bookstore.tests.AuthenticationTest" name="invalidLoginData_showsFormLevelErrorsTest" time="4.969"/>
  <testcase classname="com.testautomation.bookstore.tests.AuthenticationTest" name="invalidLoginData_showsFormLevelErrorsTest" time="5.235"/>
  <testcase classname="com.testautomation.bookstore.tests.AuthenticationTest" name="invalidLoginData_showsFormLevelErrorsTest" time="6.355"/>
  <testcase classname="com.testautomation.bookstore.tests.AuthenticationTest" name="invalidLoginData_showsFormLevelErrorsTest" time="5.147"/>
  <testcase classname="com.testautomation.bookstore.tests.AuthenticationTest" name="invalidEmailFormat_showsFieldErrorTest" time="4.542"/>
  <testcase classname="com.testautomation.bookstore.tests.AuthenticationTest" name="invalidLoginData_showsFormLevelErrorsTest" time="5.150"/>
  <testcase classname="com.testautomation.bookstore.tests.AuthenticationTest" name="loginValidUserTest" time="5.360"/>
</testsuite> <!-- com.testautomation.bookstore.tests.AuthenticationTest -->
