<?xml version="1.0" encoding="UTF-8"?>
<!-- Generated by org.testng.reporters.JUnitReportReporter -->
<testsuite hostname="Mohammed-Windows" failures="0" tests="3" name="com.testautomation.bookstore.tests.BookNavigationTest" time="46.482" errors="0" timestamp="2025-06-06T11:24:33 IST" skipped="0">
  <testcase classname="com.testautomation.bookstore.tests.BookNavigationTest" name="selectProductByNonExistantSearchTest" time="24.062"/>
  <testcase classname="com.testautomation.bookstore.tests.BookNavigationTest" name="selectProductByNonExistantSearchTest" time="12.821"/>
  <testcase classname="com.testautomation.bookstore.tests.BookNavigationTest" name="selectProductByNonExistantSearchTest" time="9.599"/>
</testsuite> <!-- com.testautomation.bookstore.tests.BookNavigationTest -->
