<?xml version="1.0" encoding="UTF-8"?>
<!-- Generated by org.testng.reporters.JUnitReportReporter -->
<testsuite hostname="Mohammed-Windows" failures="0" tests="23" name="com.testautomation.bookstore.tests.AthenticationTest" time="127.139" errors="0" timestamp="2025-06-02T09:23:41 IST" skipped="0">
  <testcase classname="com.testautomation.bookstore.tests.AthenticationTest" name="invalidEmailFormat_showsFieldErrorTest" time="3.799"/>
  <testcase classname="com.testautomation.bookstore.tests.AthenticationTest" name="invalidLoginData_showsFormLevelErrorsTest" time="4.370"/>
  <testcase classname="com.testautomation.bookstore.tests.AthenticationTest" name="registerInvalidUserTest" time="4.137"/>
  <testcase classname="com.testautomation.bookstore.tests.AthenticationTest" name="invalidLoginData_showsFormLevelErrorsTest" time="4.260"/>
  <testcase classname="com.testautomation.bookstore.tests.AthenticationTest" name="registerInvalidUserTest" time="4.192"/>
  <testcase classname="com.testautomation.bookstore.tests.AthenticationTest" name="registerInvalidUserTest" time="4.285"/>
  <testcase classname="com.testautomation.bookstore.tests.AthenticationTest" name="registerInvalidUserTest" time="6.135"/>
  <testcase classname="com.testautomation.bookstore.tests.AthenticationTest" name="registerInvalidUserTest" time="5.628"/>
  <testcase classname="com.testautomation.bookstore.tests.AthenticationTest" name="invalidEmailFormat_showsFieldErrorTest" time="9.333"/>
  <testcase classname="com.testautomation.bookstore.tests.AthenticationTest" name="registerInvalidUserTest" time="4.129"/>
  <testcase classname="com.testautomation.bookstore.tests.AthenticationTest" name="registerValidUserTest" time="6.373"/>
  <testcase classname="com.testautomation.bookstore.tests.AthenticationTest" name="registerInvalidUserTest" time="4.253"/>
  <testcase classname="com.testautomation.bookstore.tests.AthenticationTest" name="invalidLoginData_showsFormLevelErrorsTest" time="4.328"/>
  <testcase classname="com.testautomation.bookstore.tests.AthenticationTest" name="invalidLoginData_showsFormLevelErrorsTest" time="4.481"/>
  <testcase classname="com.testautomation.bookstore.tests.AthenticationTest" name="registerInvalidUserTest" time="4.121"/>
  <testcase classname="com.testautomation.bookstore.tests.AthenticationTest" name="registerValidUserTest" time="7.816"/>
  <testcase classname="com.testautomation.bookstore.tests.AthenticationTest" name="registerWithDuplicateEmailTest" time="9.267"/>
  <testcase classname="com.testautomation.bookstore.tests.AthenticationTest" name="invalidEmailFormat_showsFieldErrorTest" time="4.161"/>
  <testcase classname="com.testautomation.bookstore.tests.AthenticationTest" name="registerValidUserTest" time="6.405"/>
  <testcase classname="com.testautomation.bookstore.tests.AthenticationTest" name="testLogout" time="5.826"/>
  <testcase classname="com.testautomation.bookstore.tests.AthenticationTest" name="loginValidUserTest" time="4.443"/>
  <testcase classname="com.testautomation.bookstore.tests.AthenticationTest" name="invalidLoginData_showsFormLevelErrorsTest" time="4.502"/>
  <testcase classname="com.testautomation.bookstore.tests.AthenticationTest" name="loginValidUserTest" time="10.895"/>
</testsuite> <!-- com.testautomation.bookstore.tests.AthenticationTest -->
