<?xml version="1.0" encoding="UTF-8"?>
<!-- Generated by org.testng.reporters.JUnitReportReporter -->
<testsuite hostname="Mohammed-Windows" failures="0" tests="1" name="com.testautomation.bookstore.tests.ProductListingTest" time="11.155" errors="0" timestamp="2025-06-23T10:55:39 IST" skipped="0">
  <testcase classname="com.testautomation.bookstore.tests.ProductListingTest" name="sortProductListTest" time="11.155"/>
</testsuite> <!-- com.testautomation.bookstore.tests.ProductListingTest -->
