<?xml version="1.0" encoding="UTF-8"?>
<!-- Generated by org.testng.reporters.JUnitReportReporter -->
<testsuite hostname="Mohammed-Windows" failures="0" tests="1" name="com.testautomation.bookstore.tests.BookShopTest" time="6.112" errors="0" timestamp="2025-06-09T14:42:02 IST" skipped="0">
  <testcase classname="com.testautomation.bookstore.tests.BookShopTest" name="bookPageNavigation" time="6.112"/>
</testsuite> <!-- com.testautomation.bookstore.tests.BookShopTest -->
