<?xml version="1.0" encoding="UTF-8"?>
<!-- Generated by org.testng.reporters.JUnitReportReporter -->
<testsuite hostname="Mohammed-Windows" failures="0" tests="23" name="com.testautomation.bookstore.tests.AuthenticationTest" time="448.163" errors="0" timestamp="2025-06-02T11:11:06 IST" skipped="0">
  <testcase classname="com.testautomation.bookstore.tests.AuthenticationTest" name="registerInvalidUserTest" time="12.292"/>
  <testcase classname="com.testautomation.bookstore.tests.AuthenticationTest" name="invalidEmailFormat_showsFieldErrorTest" time="23.728"/>
  <testcase classname="com.testautomation.bookstore.tests.AuthenticationTest" name="registerInvalidUserTest" time="18.049"/>
  <testcase classname="com.testautomation.bookstore.tests.AuthenticationTest" name="registerInvalidUserTest" time="22.489"/>
  <testcase classname="com.testautomation.bookstore.tests.AuthenticationTest" name="invalidLoginData_showsFormLevelErrorsTest" time="25.830"/>
  <testcase classname="com.testautomation.bookstore.tests.AuthenticationTest" name="invalidLoginData_showsFormLevelErrorsTest" time="18.676"/>
  <testcase classname="com.testautomation.bookstore.tests.AuthenticationTest" name="registerInvalidUserTest" time="21.855"/>
  <testcase classname="com.testautomation.bookstore.tests.AuthenticationTest" name="registerInvalidUserTest" time="20.789"/>
  <testcase classname="com.testautomation.bookstore.tests.AuthenticationTest" name="registerInvalidUserTest" time="17.575"/>
  <testcase classname="com.testautomation.bookstore.tests.AuthenticationTest" name="registerInvalidUserTest" time="23.042"/>
  <testcase classname="com.testautomation.bookstore.tests.AuthenticationTest" name="testLogout" time="7.477"/>
  <testcase classname="com.testautomation.bookstore.tests.AuthenticationTest" name="invalidLoginData_showsFormLevelErrorsTest" time="23.366"/>
  <testcase classname="com.testautomation.bookstore.tests.AuthenticationTest" name="invalidLoginData_showsFormLevelErrorsTest" time="19.857"/>
  <testcase classname="com.testautomation.bookstore.tests.AuthenticationTest" name="registerValidUserTest" time="9.022"/>
  <testcase classname="com.testautomation.bookstore.tests.AuthenticationTest" name="loginValidUserTest" time="17.471"/>
  <testcase classname="com.testautomation.bookstore.tests.AuthenticationTest" name="invalidEmailFormat_showsFieldErrorTest" time="21.367"/>
  <testcase classname="com.testautomation.bookstore.tests.AuthenticationTest" name="registerValidUserTest" time="25.516"/>
  <testcase classname="com.testautomation.bookstore.tests.AuthenticationTest" name="registerWithDuplicateEmailTest" time="34.662"/>
  <testcase classname="com.testautomation.bookstore.tests.AuthenticationTest" name="invalidEmailFormat_showsFieldErrorTest" time="12.261"/>
  <testcase classname="com.testautomation.bookstore.tests.AuthenticationTest" name="registerInvalidUserTest" time="21.044"/>
  <testcase classname="com.testautomation.bookstore.tests.AuthenticationTest" name="invalidLoginData_showsFormLevelErrorsTest" time="18.687"/>
  <testcase classname="com.testautomation.bookstore.tests.AuthenticationTest" name="loginValidUserTest" time="16.677"/>
  <testcase classname="com.testautomation.bookstore.tests.AuthenticationTest" name="registerValidUserTest" time="16.431"/>
</testsuite> <!-- com.testautomation.bookstore.tests.AuthenticationTest -->
