<?xml version="1.0" encoding="UTF-8"?>
<!-- Generated by org.testng.reporters.JUnitReportReporter -->
<testsuite hostname="Mohammed-Windows" failures="0" tests="4" name="com.testautomation.bookstore.tests.ProductSearchTest" time="26.140" errors="0" timestamp="2025-06-11T10:33:42 IST" skipped="0">
  <testcase classname="com.testautomation.bookstore.tests.ProductSearchTest" name="selectProductByValidSearchTest" time="7.090"/>
  <testcase classname="com.testautomation.bookstore.tests.ProductSearchTest" name="selectProductByNonExistantSearchTest" time="5.898"/>
  <testcase classname="com.testautomation.bookstore.tests.ProductSearchTest" name="selectProductByNonExistantSearchTest" time="5.999"/>
  <testcase classname="com.testautomation.bookstore.tests.ProductSearchTest" name="selectProductByValidSearchTest" time="7.153"/>
</testsuite> <!-- com.testautomation.bookstore.tests.ProductSearchTest -->
