<?xml version="1.0" encoding="UTF-8"?>
<!-- Generated by org.testng.reporters.JUnitReportReporter -->
<testsuite hostname="Mohammed-Windows" failures="0" tests="2" name="com.testautomation.bookstore.tests.ProductShopTest" time="12.662" errors="0" timestamp="2025-06-11T10:35:20 IST" skipped="0">
  <testcase classname="com.testautomation.bookstore.tests.ProductShopTest" name="categoryPageNavigation" time="6.490"/>
  <testcase classname="com.testautomation.bookstore.tests.ProductShopTest" name="categoryPageNavigation" time="6.172"/>
</testsuite> <!-- com.testautomation.bookstore.tests.ProductShopTest -->
