<?xml version="1.0" encoding="UTF-8"?>
<!-- Generated by org.testng.reporters.JUnitReportReporter -->
<testsuite hostname="Mohammed-Windows" failures="0" tests="1" name="com.testautomation.bookstore.tests.ProductListingTest" time="7.986" errors="0" timestamp="2025-06-12T11:15:37 IST" skipped="0">
  <testcase classname="com.testautomation.bookstore.tests.ProductListingTest" name="sortProductListTest" time="7.986"/>
</testsuite> <!-- com.testautomation.bookstore.tests.ProductListingTest -->
