<?xml version="1.0" encoding="UTF-8"?>
<!-- Generated by org.testng.reporters.JUnitReportReporter -->
<testsuite hostname="Mohammed-Windows" failures="0" tests="22" name="com.testautomation.bookstore.tests.AuthenticationTest" time="139.385" errors="0" timestamp="2025-07-16T22:56:02 IST" skipped="0">
  <testcase classname="com.testautomation.bookstore.tests.AuthenticationTest" name="invalidLoginData_showsFormLevelErrorsTest" time="6.239"/>
  <testcase classname="com.testautomation.bookstore.tests.AuthenticationTest" name="registerInvalidUserTest" time="6.744"/>
  <testcase classname="com.testautomation.bookstore.tests.AuthenticationTest" name="loginValidUserTest" time="7.789"/>
  <testcase classname="com.testautomation.bookstore.tests.AuthenticationTest" name="registerInvalidUserTest" time="5.524"/>
  <testcase classname="com.testautomation.bookstore.tests.AuthenticationTest" name="registerInvalidUserTest" time="6.265"/>
  <testcase classname="com.testautomation.bookstore.tests.AuthenticationTest" name="registerInvalidUserTest" time="6.033"/>
  <testcase classname="com.testautomation.bookstore.tests.AuthenticationTest" name="invalidLoginData_showsFormLevelErrorsTest" time="7.190"/>
  <testcase classname="com.testautomation.bookstore.tests.AuthenticationTest" name="loginValidUserTest" time="8.639"/>
  <testcase classname="com.testautomation.bookstore.tests.AuthenticationTest" name="registerWithDuplicateEmailTest" time="11.364"/>
  <testcase classname="com.testautomation.bookstore.tests.AuthenticationTest" name="registerInvalidUserTest" time="6.468"/>
  <testcase classname="com.testautomation.bookstore.tests.AuthenticationTest" name="invalidEmailFormat_showsFieldErrorTest" time="6.294"/>
  <testcase classname="com.testautomation.bookstore.tests.AuthenticationTest" name="registerInvalidUserTest" time="5.064"/>
  <testcase classname="com.testautomation.bookstore.tests.AuthenticationTest" name="registerInvalidUserTest" time="4.882"/>
  <testcase classname="com.testautomation.bookstore.tests.AuthenticationTest" name="invalidLoginData_showsFormLevelErrorsTest" time="5.293"/>
  <testcase classname="com.testautomation.bookstore.tests.AuthenticationTest" name="invalidLoginData_showsFormLevelErrorsTest" time="6.450"/>
  <testcase classname="com.testautomation.bookstore.tests.AuthenticationTest" name="testLogout" time="6.514"/>
  <testcase classname="com.testautomation.bookstore.tests.AuthenticationTest" name="invalidEmailFormat_showsFieldErrorTest" time="4.736"/>
  <testcase classname="com.testautomation.bookstore.tests.AuthenticationTest" name="invalidEmailFormat_showsFieldErrorTest" time="5.367"/>
  <testcase classname="com.testautomation.bookstore.tests.AuthenticationTest" name="invalidLoginData_showsFormLevelErrorsTest" time="6.814"/>
  <testcase classname="com.testautomation.bookstore.tests.AuthenticationTest" name="registerValidUserTest" time="6.392"/>
  <testcase classname="com.testautomation.bookstore.tests.AuthenticationTest" name="registerInvalidUserTest" time="5.028"/>
  <testcase classname="com.testautomation.bookstore.tests.AuthenticationTest" name="registerInvalidUserTest" time="4.296"/>
</testsuite> <!-- com.testautomation.bookstore.tests.AuthenticationTest -->
