<?xml version="1.0" encoding="UTF-8"?>
<!-- Generated by org.testng.reporters.JUnitReportReporter -->
<testsuite hostname="Mohammed-Windows" failures="0" tests="6" name="com.testautomation.bookstore.tests.ProductSearchTest" time="39.456" errors="0" timestamp="2025-06-09T10:48:43 IST" skipped="0">
  <testcase classname="com.testautomation.bookstore.tests.ProductSearchTest" name="selectProductByValidSearchTest" time="6.846"/>
  <testcase classname="com.testautomation.bookstore.tests.ProductSearchTest" name="selectProductByNonExistantSearchTest" time="5.741"/>
  <testcase classname="com.testautomation.bookstore.tests.ProductSearchTest" name="selectProductByNonExistantSearchTest" time="5.957"/>
  <testcase classname="com.testautomation.bookstore.tests.ProductSearchTest" name="selectProductByValidSearchTest" time="7.899"/>
  <testcase classname="com.testautomation.bookstore.tests.ProductSearchTest" name="selectProductByNonExistantSearchTest" time="6.338"/>
  <testcase classname="com.testautomation.bookstore.tests.ProductSearchTest" name="selectProductByValidSearchTest" time="6.675"/>
</testsuite> <!-- com.testautomation.bookstore.tests.ProductSearchTest -->
