<?xml version="1.0" encoding="UTF-8"?>
<!-- Generated by org.testng.reporters.JUnitReportReporter -->
<testsuite hostname="Mohammed-Windows" failures="0" tests="2" name="com.testautomation.bookstore.tests.ProductSearchTest" time="11.310" errors="0" timestamp="2025-07-17T10:09:44 IST" skipped="0">
  <testcase classname="com.testautomation.bookstore.tests.ProductSearchTest" name="selectProductByValidSearchTest" time="5.757"/>
  <testcase classname="com.testautomation.bookstore.tests.ProductSearchTest" name="selectProductByValidSearchTest" time="5.553"/>
</testsuite> <!-- com.testautomation.bookstore.tests.ProductSearchTest -->
